{
  "RSpec": {
    "coverage": {
      "/home/local/antlammi/RoR/ratebeer/app/helpers/application_helper.rb": [
        1,
        null
      ],
      "/home/local/antlammi/RoR/ratebeer/app/helpers/beer_clubs_helper.rb": [
        1,
        null
      ],
      "/home/local/antlammi/RoR/ratebeer/app/helpers/beers_helper.rb": [
        1,
        null
      ],
      "/home/local/antlammi/RoR/ratebeer/app/helpers/breweries_helper.rb": [
        1,
        null
      ],
      "/home/local/antlammi/RoR/ratebeer/app/helpers/memberships_helper.rb": [
        1,
        null
      ],
      "/home/local/antlammi/RoR/ratebeer/app/helpers/users_helper.rb": [
        1,
        null
      ],
      "/home/local/antlammi/RoR/ratebeer/app/models/beer.rb": [
        1,
        1,
        1,
        1,
        1,
        1,
        1,
        null,
        1,
        2,
        null,
        null
      ],
      "/home/local/antlammi/RoR/ratebeer/app/models/application_record.rb": [
        1,
        1,
        null
      ],
      "/home/local/antlammi/RoR/ratebeer/app/models/concerns/rating_average.rb": [
        1,
        1,
        1,
        9,
        null,
        9,
        9,
        null,
        null
      ],
      "/home/local/antlammi/RoR/ratebeer/app/models/user.rb": [
        1,
        1,
        1,
        1,
        1,
        1,
        1,
        1,
        null,
        1,
        1,
        null,
        1,
        3,
        null,
        2,
        null,
        null,
        1,
        11,
        null,
        30,
        null,
        10,
        10,
        10,
        12,
        12,
        null,
        11,
        11,
        null,
        10,
        null,
        null,
        1,
        18,
        null,
        17,
        50,
        17,
        17,
        17,
        21,
        21,
        null,
        18,
        18,
        null,
        17,
        null,
        null,
        1,
        50,
        17,
        null,
        null,
        1,
        30,
        10,
        null,
        null
      ],
      "/home/local/antlammi/RoR/ratebeer/app/models/brewery.rb": [
        1,
        1,
        1,
        36,
        null,
        1,
        1,
        null,
        1,
        0,
        0,
        0,
        null,
        null,
        1,
        0,
        0,
        null,
        null
      ],
      "/home/local/antlammi/RoR/ratebeer/app/controllers/sessions_controller.rb": [
        1,
        1,
        null,
        null,
        null,
        1,
        7,
        7,
        6,
        6,
        null,
        1,
        null,
        null,
        null,
        1,
        null,
        0,
        null,
        0,
        null,
        null
      ],
      "/home/local/antlammi/RoR/ratebeer/app/controllers/application_controller.rb": [
        1,
        null,
        1,
        null,
        1,
        153,
        null,
        100,
        null,
        null,
        1,
        4,
        null,
        null
      ],
      "/home/local/antlammi/RoR/ratebeer/app/controllers/users_controller.rb": [
        1,
        1,
        null,
        null,
        null,
        1,
        0,
        null,
        null,
        null,
        null,
        1,
        null,
        null,
        null,
        1,
        1,
        null,
        null,
        null,
        1,
        0,
        null,
        0,
        null,
        null,
        null,
        null,
        1,
        1,
        null,
        1,
        1,
        2,
        1,
        null,
        0,
        0,
        null,
        null,
        null,
        null,
        null,
        null,
        1,
        0,
        0,
        0,
        0,
        0,
        null,
        0,
        0,
        null,
        null,
        null,
        null,
        null,
        null,
        null,
        1,
        0,
        null,
        0,
        0,
        0,
        null,
        null,
        1,
        null,
        null,
        1,
        13,
        null,
        null,
        null,
        1,
        1,
        null,
        null
      ],
      "/home/local/antlammi/RoR/ratebeer/app/models/rating.rb": [
        1,
        1,
        1,
        null,
        1,
        1,
        3,
        null,
        null
      ],
      "/home/local/antlammi/RoR/ratebeer/app/models/membership.rb": [
        1,
        1,
        1,
        null
      ],
      "/home/local/antlammi/RoR/ratebeer/app/models/beer_club.rb": [
        1,
        1,
        1,
        null
      ],
      "/home/local/antlammi/RoR/ratebeer/app/controllers/beers_controller.rb": [
        1,
        1,
        1,
        1,
        null,
        null,
        null,
        1,
        1,
        null,
        null,
        1,
        2,
        2,
        null,
        null,
        null,
        null,
        1,
        null,
        null,
        null,
        1,
        2,
        null,
        null,
        null,
        1,
        null,
        null,
        null,
        null,
        1,
        2,
        null,
        2,
        2,
        2,
        1,
        null,
        1,
        1,
        2,
        1,
        null,
        null,
        null,
        null,
        null,
        null,
        1,
        0,
        0,
        0,
        0,
        null,
        0,
        0,
        null,
        null,
        null,
        null,
        null,
        null,
        1,
        0,
        0,
        0,
        0,
        null,
        null,
        null,
        1,
        null,
        null,
        1,
        0,
        null,
        null,
        null,
        1,
        2,
        null,
        null
      ],
      "/home/local/antlammi/RoR/ratebeer/app/controllers/breweries_controller.rb": [
        1,
        1,
        1,
        null,
        null,
        null,
        1,
        3,
        3,
        null,
        null,
        null,
        null,
        1,
        null,
        null,
        null,
        1,
        0,
        null,
        null,
        null,
        1,
        null,
        null,
        null,
        null,
        1,
        0,
        null,
        0,
        0,
        0,
        0,
        null,
        0,
        0,
        null,
        null,
        null,
        null,
        null,
        null,
        1,
        0,
        0,
        0,
        0,
        null,
        0,
        0,
        null,
        null,
        null,
        null,
        null,
        null,
        1,
        0,
        0,
        0,
        0,
        null,
        null,
        null,
        1,
        null,
        null,
        1,
        1,
        null,
        null,
        null,
        1,
        0,
        null,
        null
      ],
      "/home/local/antlammi/RoR/ratebeer/app/controllers/ratings_controller.rb": [
        1,
        1,
        1,
        1,
        null,
        null,
        1,
        null,
        null,
        1,
        1,
        1,
        null,
        null,
        1,
        1,
        1,
        1,
        null,
        null,
        1,
        1,
        1,
        1,
        1,
        null,
        0,
        0,
        null,
        null,
        null,
        1,
        null,
        null
      ],
      "/home/local/antlammi/RoR/ratebeer/app/controllers/beer_clubs_controller.rb": [
        0,
        0,
        0,
        null,
        null,
        null,
        0,
        0,
        0,
        null,
        null,
        null,
        0,
        0,
        null,
        null,
        0,
        0,
        0,
        null,
        null,
        0,
        0,
        null,
        null,
        null,
        0,
        0,
        null,
        0,
        0,
        0,
        0,
        0,
        0,
        0,
        0,
        0,
        0,
        null,
        null,
        null,
        0,
        0,
        0,
        0,
        0,
        0,
        0,
        0,
        0,
        0,
        0,
        null,
        null,
        null,
        0,
        0,
        0,
        0,
        0,
        0,
        0,
        null,
        0,
        null,
        null,
        0,
        0,
        0,
        null,
        null,
        0,
        0,
        0,
        0
      ],
      "/home/local/antlammi/RoR/ratebeer/app/controllers/memberships_controller.rb": [
        0,
        0,
        null,
        null,
        null,
        0,
        0,
        0,
        null,
        null,
        null,
        0,
        0,
        null,
        null,
        0,
        0,
        0,
        0,
        0,
        0,
        0,
        0,
        0,
        0,
        null,
        0,
        null,
        null,
        0,
        0,
        null,
        null,
        0,
        0,
        null,
        null,
        null,
        0,
        0,
        0,
        null,
        0,
        0,
        0,
        0,
        0,
        0,
        0,
        0,
        0,
        0,
        null,
        null,
        null,
        0,
        0,
        0,
        0,
        0,
        0,
        0,
        0,
        0,
        0,
        0,
        null,
        null,
        null,
        0,
        0,
        0,
        0,
        0,
        0,
        0,
        null,
        0,
        null,
        null,
        0,
        0,
        0,
        null,
        null,
        0,
        0,
        0,
        0
      ],
      "/home/local/antlammi/RoR/ratebeer/app/mailers/application_mailer.rb": [
        0,
        0,
        0,
        0
      ],
      "/home/local/antlammi/RoR/ratebeer/app/channels/application_cable/channel.rb": [
        0,
        0,
        0,
        0
      ],
      "/home/local/antlammi/RoR/ratebeer/app/channels/application_cable/connection.rb": [
        0,
        0,
        0,
        0
      ],
      "/home/local/antlammi/RoR/ratebeer/app/jobs/application_job.rb": [
        0,
        0
      ]
    },
    "timestamp": 1538142233
  }
}
